  main.cpp
  ofApp.cpp
C:\Users\user\Desktop\OFW\libs\openFrameworks\math\ofMatrix4x4.h(326,20): warning C4267: 'argument': conversion from 'size_t' to 'int', possible loss of data
  (compiling source file 'src/main.cpp')
  
C:\Users\user\Desktop\OFW\libs\openFrameworks\math\ofMatrix4x4.h(331,20): warning C4267: 'argument': conversion from 'size_t' to 'int', possible loss of data
  (compiling source file 'src/main.cpp')
  
C:\Users\user\Desktop\OFW\libs\openFrameworks\math\ofMatrix4x4.h(326,20): warning C4267: 'argument': conversion from 'size_t' to 'int', possible loss of data
  (compiling source file 'src/ofApp.cpp')
  
C:\Users\user\Desktop\OFW\libs\openFrameworks\math\ofMatrix4x4.h(331,20): warning C4267: 'argument': conversion from 'size_t' to 'int', possible loss of data
  (compiling source file 'src/ofApp.cpp')
  
C:\Users\user\Desktop\OFW\libs\openFrameworks\math\ofMatrix4x4.h(912,11): warning C4267: 'argument': conversion from 'size_t' to 'int', possible loss of data
  (compiling source file 'src/main.cpp')
  
C:\Users\user\Desktop\OFW\libs\openFrameworks\math\ofMatrix4x4.h(913,11): warning C4267: 'argument': conversion from 'size_t' to 'int', possible loss of data
  (compiling source file 'src/main.cpp')
  
C:\Users\user\Desktop\OFW\libs\openFrameworks\math\ofMatrix4x4.h(914,11): warning C4267: 'argument': conversion from 'size_t' to 'int', possible loss of data
  (compiling source file 'src/main.cpp')
  
C:\Users\user\Desktop\OFW\libs\openFrameworks\math\ofMatrix4x4.h(915,11): warning C4267: 'argument': conversion from 'size_t' to 'int', possible loss of data
  (compiling source file 'src/main.cpp')
  
C:\Users\user\Desktop\OFW\libs\openFrameworks\math\ofMatrix4x4.h(912,11): warning C4267: 'argument': conversion from 'size_t' to 'int', possible loss of data
  (compiling source file 'src/ofApp.cpp')
  
C:\Users\user\Desktop\OFW\libs\openFrameworks\math\ofMatrix4x4.h(913,11): warning C4267: 'argument': conversion from 'size_t' to 'int', possible loss of data
  (compiling source file 'src/ofApp.cpp')
  
C:\Users\user\Desktop\OFW\libs\openFrameworks\math\ofMatrix4x4.h(914,11): warning C4267: 'argument': conversion from 'size_t' to 'int', possible loss of data
  (compiling source file 'src/ofApp.cpp')
  
C:\Users\user\Desktop\OFW\libs\openFrameworks\math\ofMatrix4x4.h(915,11): warning C4267: 'argument': conversion from 'size_t' to 'int', possible loss of data
  (compiling source file 'src/ofApp.cpp')
  
LINK : warning LNK4075: ignoring '/INCREMENTAL' due to '/FORCE' specification
  IMD3006_TermProject.vcxproj -> C:\Users\user\Desktop\OFW\apps\myApps\IMD3006_TermProject\bin\IMD3006_TermProject_debug.exe
  
  	                   2	C:\Users\user\Desktop\OFW\libs\fmod\lib\vs\x64\
  	    New File  		 1826304	C:\Users\user\Desktop\OFW\libs\fmod\lib\vs\x64\fmod.dll
  	    New File  		 2041856	C:\Users\user\Desktop\OFW\libs\fmod\lib\vs\x64\fmodL.dll
  
  	                   1	C:\Users\user\Desktop\OFW\libs\FreeImage\lib\vs\x64\
  	  *EXTRA File 		 1826304	C:\Users\user\Desktop\OFW\apps\myApps\IMD3006_TermProject\bin\fmod.dll
  	  *EXTRA File 		 2041856	C:\Users\user\Desktop\OFW\apps\myApps\IMD3006_TermProject\bin\fmodL.dll
  	    New File  		 6942208	C:\Users\user\Desktop\OFW\libs\FreeImage\lib\vs\x64\FreeImage.dll
